<?xml version="1.0" encoding="UTF-8"?>
<testsuite name="AccessoriesPageTest" tests="1" skipped="0" failures="0" errors="0" timestamp="2021-07-29T20:21:01" hostname="DESKTOP-MOBDSIT" time="14.99">
  <properties/>
  <testcase name="Execute a data listing from any data available on the page. (List_01)" classname="AccessoriesPageTest" time="14.99"/>
  <system-out><![CDATA[]]></system-out>
  <system-err><![CDATA[Starting ChromeDriver 92.0.4515.107 (87a818b10553a07434ea9e2b6dccf3cbe7895134-refs/branch-heads/4515@{#1634}) on port 32186
Only local connections are allowed.
Please see https://chromedriver.chromium.org/security-considerations for suggestions on keeping ChromeDriver safe.
ChromeDriver was started successfully.
júl. 29, 2021 10:21:08 DU org.openqa.selenium.remote.ProtocolHandshake createSession
INFO: Detected dialect: W3C
]]></system-err>
</testsuite>
